<!doctype html>
<html lang="en"><head><meta charSet="utf-8"/><meta http-equiv="X-UA-Compatible" content="IE=edge"/><meta name="viewport" content="width=device-width, initial-scale=1"/><title>index.html</title><link rel="stylesheet" href="assets/app.css"/></head><body data-raw="{&quot;stats&quot;:{&quot;suites&quot;:13,&quot;tests&quot;:16,&quot;passes&quot;:5,&quot;pending&quot;:0,&quot;failures&quot;:11,&quot;testsRegistered&quot;:16,&quot;passPercent&quot;:31.25,&quot;pendingPercent&quot;:0,&quot;other&quot;:0,&quot;hasOther&quot;:false,&quot;skipped&quot;:0,&quot;hasSkipped&quot;:false,&quot;start&quot;:&quot;2024-06-18T16:28:26.309Z&quot;,&quot;end&quot;:&quot;2024-07-13T06:57:15.414Z&quot;,&quot;duration&quot;:2125729105},&quot;results&quot;:[{&quot;uuid&quot;:&quot;37e97cd1-f5af-4945-a4b2-f5d3c72b476a&quot;,&quot;title&quot;:&quot;&quot;,&quot;fullFile&quot;:&quot;src/modules/code-chat/Code-Chat.cy.tsx&quot;,&quot;file&quot;:&quot;src/modules/code-chat/Code-Chat.cy.tsx&quot;,&quot;beforeHooks&quot;:[],&quot;afterHooks&quot;:[],&quot;tests&quot;:[{&quot;title&quot;:&quot;An uncaught error was detected outside of a test&quot;,&quot;fullTitle&quot;:&quot;An uncaught error was detected outside of a test&quot;,&quot;timedOut&quot;:null,&quot;duration&quot;:198,&quot;state&quot;:&quot;failed&quot;,&quot;speed&quot;:null,&quot;pass&quot;:false,&quot;fail&quot;:true,&quot;pending&quot;:false,&quot;context&quot;:&quot;\&quot;videos/modules/code-chat/Code-Chat.cy.tsx.mp4\&quot;&quot;,&quot;code&quot;:&quot;throw err;&quot;,&quot;err&quot;:{&quot;message&quot;:&quot;Error: The following error originated from your test code, not from Cypress.\n\n  &gt; Cannot find module &#x27;@The-Creator-AI/fe-be-common&#x27;\n\nWhen Cypress detects uncaught errors originating from your test code it will automatically fail the current test.\n\nCypress could not associate this error to any specific test.\n\nWe dynamically generated a new test to display this failure.&quot;,&quot;estack&quot;:&quot;Error: The following error originated from your test code, not from Cypress.\n\n  &gt; Cannot find module &#x27;@The-Creator-AI/fe-be-common&#x27;\n\nWhen Cypress detects uncaught errors originating from your test code it will automatically fail the current test.\n\nCypress could not associate this error to any specific test.\n\nWe dynamically generated a new test to display this failure.\n    at webpackMissingModule (http://localhost:8080/__cypress/src/src_modules_code-chat_code-chat_module_ts-src_modules_code-chat_store_code-chat-store_logic_t-61141a.js:673:50)\n    at ./src/modules/gateway/store/gateway.logic.ts (http://localhost:8080/__cypress/src/src_modules_code-chat_code-chat_module_ts-src_modules_code-chat_store_code-chat-store_logic_t-61141a.js:673:153)\n    at __webpack_require__ (http://localhost:8080/__cypress/src/main.js:7595:42)\n    at ./src/modules/code-chat/store/code-chat-store.logic.ts (http://localhost:8080/__cypress/src/src_modules_code-chat_code-chat_module_ts-src_modules_code-chat_store_code-chat-store_logic_t-61141a.js:430:86)\n    at __webpack_require__ (http://localhost:8080/__cypress/src/main.js:7595:42)\n    at ./src/modules/code-chat/components/file-explorer/FileExplorer.tsx (http://localhost:8080/__cypress/src/src_modules_code-chat_components_file-explorer_FileExplorer_tsx.js:280:86)\n    at __webpack_require__ (http://localhost:8080/__cypress/src/main.js:7595:42)\n    at ./src/modules/code-chat/Code-Chat.tsx (http://localhost:8080/__cypress/src/src_modules_code-chat_Code-Chat_tsx.js:18:96)\n    at __webpack_require__ (http://localhost:8080/__cypress/src/main.js:7595:42)\n    at ./src/modules/code-chat/Code-Chat.cy.tsx (http://localhost:8080/__cypress/src/spec-0.js:62:68)&quot;,&quot;diff&quot;:null},&quot;uuid&quot;:&quot;66b01b1a-832c-40d9-8d8d-0c32469ddc5d&quot;,&quot;parentUUID&quot;:&quot;37e97cd1-f5af-4945-a4b2-f5d3c72b476a&quot;,&quot;isHook&quot;:false,&quot;skipped&quot;:false}],&quot;suites&quot;:[],&quot;passes&quot;:[],&quot;failures&quot;:[&quot;66b01b1a-832c-40d9-8d8d-0c32469ddc5d&quot;],&quot;pending&quot;:[],&quot;skipped&quot;:[],&quot;duration&quot;:198,&quot;root&quot;:true,&quot;rootEmpty&quot;:false,&quot;_timeout&quot;:2000},{&quot;uuid&quot;:&quot;35153997-6f0c-472c-a995-0c1479d0d894&quot;,&quot;title&quot;:&quot;&quot;,&quot;fullFile&quot;:&quot;src/modules/research/Research.cy.tsx&quot;,&quot;file&quot;:&quot;src/modules/research/Research.cy.tsx&quot;,&quot;beforeHooks&quot;:[],&quot;afterHooks&quot;:[],&quot;tests&quot;:[{&quot;title&quot;:&quot;An uncaught error was detected outside of a test&quot;,&quot;fullTitle&quot;:&quot;An uncaught error was detected outside of a test&quot;,&quot;timedOut&quot;:null,&quot;duration&quot;:81,&quot;state&quot;:&quot;failed&quot;,&quot;speed&quot;:null,&quot;pass&quot;:false,&quot;fail&quot;:true,&quot;pending&quot;:false,&quot;context&quot;:&quot;\&quot;videos/modules/research/Research.cy.tsx.mp4\&quot;&quot;,&quot;code&quot;:&quot;throw err;&quot;,&quot;err&quot;:{&quot;message&quot;:&quot;Error: The following error originated from your test code, not from Cypress.\n\n  &gt; Cannot find module &#x27;@The-Creator-AI/fe-be-common&#x27;\n\nWhen Cypress detects uncaught errors originating from your test code it will automatically fail the current test.\n\nCypress could not associate this error to any specific test.\n\nWe dynamically generated a new test to display this failure.&quot;,&quot;estack&quot;:&quot;Error: The following error originated from your test code, not from Cypress.\n\n  &gt; Cannot find module &#x27;@The-Creator-AI/fe-be-common&#x27;\n\nWhen Cypress detects uncaught errors originating from your test code it will automatically fail the current test.\n\nCypress could not associate this error to any specific test.\n\nWe dynamically generated a new test to display this failure.\n    at webpackMissingModule (http://localhost:8080/__cypress/src/src_modules_code-chat_code-chat_module_ts-src_modules_code-chat_store_code-chat-store_logic_t-61141a.js:673:50)\n    at ./src/modules/gateway/store/gateway.logic.ts (http://localhost:8080/__cypress/src/src_modules_code-chat_code-chat_module_ts-src_modules_code-chat_store_code-chat-store_logic_t-61141a.js:673:153)\n    at __webpack_require__ (http://localhost:8080/__cypress/src/main.js:7595:42)\n    at ./src/modules/research/Research.cy.tsx (http://localhost:8080/__cypress/src/spec-1.js:11:86)\n    at Function.__webpack_require__ (http://localhost:8080/__cypress/src/main.js:7595:42)&quot;,&quot;diff&quot;:null},&quot;uuid&quot;:&quot;62523901-7636-40d5-8a19-e948adaf8fec&quot;,&quot;parentUUID&quot;:&quot;35153997-6f0c-472c-a995-0c1479d0d894&quot;,&quot;isHook&quot;:false,&quot;skipped&quot;:false}],&quot;suites&quot;:[],&quot;passes&quot;:[],&quot;failures&quot;:[&quot;62523901-7636-40d5-8a19-e948adaf8fec&quot;],&quot;pending&quot;:[],&quot;skipped&quot;:[],&quot;duration&quot;:81,&quot;root&quot;:true,&quot;rootEmpty&quot;:false,&quot;_timeout&quot;:2000},{&quot;uuid&quot;:&quot;439a6b81-b9c4-4d87-a286-c8c3c808e503&quot;,&quot;title&quot;:&quot;&quot;,&quot;fullFile&quot;:&quot;src/modules/code-chat/components/chat/Chat.cy.tsx&quot;,&quot;file&quot;:&quot;src/modules/code-chat/components/chat/Chat.cy.tsx&quot;,&quot;beforeHooks&quot;:[],&quot;afterHooks&quot;:[],&quot;tests&quot;:[{&quot;title&quot;:&quot;An uncaught error was detected outside of a test&quot;,&quot;fullTitle&quot;:&quot;An uncaught error was detected outside of a test&quot;,&quot;timedOut&quot;:null,&quot;duration&quot;:86,&quot;state&quot;:&quot;failed&quot;,&quot;speed&quot;:null,&quot;pass&quot;:false,&quot;fail&quot;:true,&quot;pending&quot;:false,&quot;context&quot;:&quot;\&quot;videos/modules/code-chat/components/chat/Chat.cy.tsx.mp4\&quot;&quot;,&quot;code&quot;:&quot;throw err;&quot;,&quot;err&quot;:{&quot;message&quot;:&quot;Error: The following error originated from your test code, not from Cypress.\n\n  &gt; Cannot find module &#x27;@The-Creator-AI/fe-be-common&#x27;\n\nWhen Cypress detects uncaught errors originating from your test code it will automatically fail the current test.\n\nCypress could not associate this error to any specific test.\n\nWe dynamically generated a new test to display this failure.&quot;,&quot;estack&quot;:&quot;Error: The following error originated from your test code, not from Cypress.\n\n  &gt; Cannot find module &#x27;@The-Creator-AI/fe-be-common&#x27;\n\nWhen Cypress detects uncaught errors originating from your test code it will automatically fail the current test.\n\nCypress could not associate this error to any specific test.\n\nWe dynamically generated a new test to display this failure.\n    at webpackMissingModule (http://localhost:8080/__cypress/src/src_modules_code-chat_code-chat_module_ts-src_modules_code-chat_store_code-chat-store_logic_t-61141a.js:673:50)\n    at ./src/modules/gateway/store/gateway.logic.ts (http://localhost:8080/__cypress/src/src_modules_code-chat_code-chat_module_ts-src_modules_code-chat_store_code-chat-store_logic_t-61141a.js:673:153)\n    at __webpack_require__ (http://localhost:8080/__cypress/src/main.js:7595:42)\n    at ./src/modules/code-chat/components/chat/Chat.cy.tsx (http://localhost:8080/__cypress/src/spec-2.js:11:86)\n    at Function.__webpack_require__ (http://localhost:8080/__cypress/src/main.js:7595:42)&quot;,&quot;diff&quot;:null},&quot;uuid&quot;:&quot;d6bf715d-abbf-4e07-8673-403d35bf060f&quot;,&quot;parentUUID&quot;:&quot;439a6b81-b9c4-4d87-a286-c8c3c808e503&quot;,&quot;isHook&quot;:false,&quot;skipped&quot;:false}],&quot;suites&quot;:[],&quot;passes&quot;:[],&quot;failures&quot;:[&quot;d6bf715d-abbf-4e07-8673-403d35bf060f&quot;],&quot;pending&quot;:[],&quot;skipped&quot;:[],&quot;duration&quot;:86,&quot;root&quot;:true,&quot;rootEmpty&quot;:false,&quot;_timeout&quot;:2000},{&quot;uuid&quot;:&quot;4c2d345a-553e-4eb9-9811-f2d49fcfa12c&quot;,&quot;title&quot;:&quot;&quot;,&quot;fullFile&quot;:&quot;src/modules/code-chat/components/chat/ChatBox.cy.tsx&quot;,&quot;file&quot;:&quot;src/modules/code-chat/components/chat/ChatBox.cy.tsx&quot;,&quot;beforeHooks&quot;:[],&quot;afterHooks&quot;:[],&quot;tests&quot;:[{&quot;title&quot;:&quot;An uncaught error was detected outside of a test&quot;,&quot;fullTitle&quot;:&quot;An uncaught error was detected outside of a test&quot;,&quot;timedOut&quot;:null,&quot;duration&quot;:98,&quot;state&quot;:&quot;failed&quot;,&quot;speed&quot;:null,&quot;pass&quot;:false,&quot;fail&quot;:true,&quot;pending&quot;:false,&quot;context&quot;:&quot;\&quot;videos/modules/code-chat/components/chat/ChatBox.cy.tsx.mp4\&quot;&quot;,&quot;code&quot;:&quot;throw err;&quot;,&quot;err&quot;:{&quot;message&quot;:&quot;Error: The following error originated from your test code, not from Cypress.\n\n  &gt; Cannot find module &#x27;@The-Creator-AI/fe-be-common&#x27;\n\nWhen Cypress detects uncaught errors originating from your test code it will automatically fail the current test.\n\nCypress could not associate this error to any specific test.\n\nWe dynamically generated a new test to display this failure.&quot;,&quot;estack&quot;:&quot;Error: The following error originated from your test code, not from Cypress.\n\n  &gt; Cannot find module &#x27;@The-Creator-AI/fe-be-common&#x27;\n\nWhen Cypress detects uncaught errors originating from your test code it will automatically fail the current test.\n\nCypress could not associate this error to any specific test.\n\nWe dynamically generated a new test to display this failure.\n    at webpackMissingModule (http://localhost:8080/__cypress/src/src_modules_code-chat_code-chat_module_ts-src_modules_code-chat_store_code-chat-store_logic_t-61141a.js:673:50)\n    at ./src/modules/gateway/store/gateway.logic.ts (http://localhost:8080/__cypress/src/src_modules_code-chat_code-chat_module_ts-src_modules_code-chat_store_code-chat-store_logic_t-61141a.js:673:153)\n    at __webpack_require__ (http://localhost:8080/__cypress/src/main.js:7595:42)\n    at ./src/modules/code-chat/components/chat/ChatBox.cy.tsx (http://localhost:8080/__cypress/src/spec-3.js:41:86)\n    at Function.__webpack_require__ (http://localhost:8080/__cypress/src/main.js:7595:42)&quot;,&quot;diff&quot;:null},&quot;uuid&quot;:&quot;10e5ed7b-1670-489b-8d6d-8de4a419ac78&quot;,&quot;parentUUID&quot;:&quot;4c2d345a-553e-4eb9-9811-f2d49fcfa12c&quot;,&quot;isHook&quot;:false,&quot;skipped&quot;:false}],&quot;suites&quot;:[],&quot;passes&quot;:[],&quot;failures&quot;:[&quot;10e5ed7b-1670-489b-8d6d-8de4a419ac78&quot;],&quot;pending&quot;:[],&quot;skipped&quot;:[],&quot;duration&quot;:98,&quot;root&quot;:true,&quot;rootEmpty&quot;:false,&quot;_timeout&quot;:2000},{&quot;uuid&quot;:&quot;687a1430-ade9-4897-b563-84e1adef1baf&quot;,&quot;title&quot;:&quot;&quot;,&quot;fullFile&quot;:&quot;src/modules/code-chat/components/command-palette/CommandPalette.cy.tsx&quot;,&quot;file&quot;:&quot;src/modules/code-chat/components/command-palette/CommandPalette.cy.tsx&quot;,&quot;beforeHooks&quot;:[],&quot;afterHooks&quot;:[],&quot;tests&quot;:[],&quot;suites&quot;:[{&quot;uuid&quot;:&quot;f5400594-3947-4cf3-a60d-008ca1cea04a&quot;,&quot;title&quot;:&quot;&lt;CommandPalette /&gt;&quot;,&quot;fullFile&quot;:&quot;&quot;,&quot;file&quot;:&quot;&quot;,&quot;beforeHooks&quot;:[],&quot;afterHooks&quot;:[],&quot;tests&quot;:[{&quot;title&quot;:&quot;renders in the correct vertical position based on props - top&quot;,&quot;fullTitle&quot;:&quot;&lt;CommandPalette /&gt; renders in the correct vertical position based on props - top&quot;,&quot;timedOut&quot;:null,&quot;duration&quot;:63,&quot;state&quot;:&quot;passed&quot;,&quot;speed&quot;:&quot;fast&quot;,&quot;pass&quot;:true,&quot;fail&quot;:false,&quot;pending&quot;:false,&quot;context&quot;:&quot;\&quot;videos/modules/code-chat/components/command-palette/CommandPalette.cy.tsx.mp4\&quot;&quot;,&quot;code&quot;:&quot;// Test top\ncy.mount( /*#__PURE__*/(0,react_jsx_dev_runtime__WEBPACK_IMPORTED_MODULE_1__.jsxDEV)(_CommandPalette__WEBPACK_IMPORTED_MODULE_0__[\&quot;default\&quot;], {\n  isOpen: true,\n  commands: commands,\n  onSelect: () =&gt; {},\n  position: \&quot;top\&quot;\n}, void 0, false, {\n  fileName: _jsxFileName,\n  lineNumber: 31,\n  columnNumber: 18\n}, undefined));\n// cy.get(&#x27;body&#x27;).type(&#x27;{meta}p&#x27;);\ncy.get(&#x27;.command-palette&#x27;).should(&#x27;have.css&#x27;, &#x27;top&#x27;, &#x27;10px&#x27;);&quot;,&quot;err&quot;:{},&quot;uuid&quot;:&quot;c70e77fa-790e-4f7c-bea0-d74e652a45e8&quot;,&quot;parentUUID&quot;:&quot;f5400594-3947-4cf3-a60d-008ca1cea04a&quot;,&quot;isHook&quot;:false,&quot;skipped&quot;:false},{&quot;title&quot;:&quot;renders in the correct vertical position based on props - center&quot;,&quot;fullTitle&quot;:&quot;&lt;CommandPalette /&gt; renders in the correct vertical position based on props - center&quot;,&quot;timedOut&quot;:null,&quot;duration&quot;:31,&quot;state&quot;:&quot;passed&quot;,&quot;speed&quot;:&quot;fast&quot;,&quot;pass&quot;:true,&quot;fail&quot;:false,&quot;pending&quot;:false,&quot;context&quot;:&quot;\&quot;videos/modules/code-chat/components/command-palette/CommandPalette.cy.tsx.mp4\&quot;&quot;,&quot;code&quot;:&quot;// Test center (default)\ncy.mount( /*#__PURE__*/(0,react_jsx_dev_runtime__WEBPACK_IMPORTED_MODULE_1__.jsxDEV)(_CommandPalette__WEBPACK_IMPORTED_MODULE_0__[\&quot;default\&quot;], {\n  isOpen: true,\n  commands: commands,\n  onSelect: () =&gt; {}\n}, void 0, false, {\n  fileName: _jsxFileName,\n  lineNumber: 38,\n  columnNumber: 18\n}, undefined));\n// cy.get(&#x27;body&#x27;).type(&#x27;{meta}p&#x27;);\nconst pixelsFor50Percent = Math.floor(window.innerHeight / 2);\ncy.get(&#x27;.command-palette&#x27;).should(&#x27;have.css&#x27;, &#x27;top&#x27;, `${pixelsFor50Percent}px`);&quot;,&quot;err&quot;:{},&quot;uuid&quot;:&quot;87e4b16d-c763-46be-9a8c-588cf1b2ff3d&quot;,&quot;parentUUID&quot;:&quot;f5400594-3947-4cf3-a60d-008ca1cea04a&quot;,&quot;isHook&quot;:false,&quot;skipped&quot;:false},{&quot;title&quot;:&quot;renders in the correct vertical position based on props - bottom&quot;,&quot;fullTitle&quot;:&quot;&lt;CommandPalette /&gt; renders in the correct vertical position based on props - bottom&quot;,&quot;timedOut&quot;:null,&quot;duration&quot;:24,&quot;state&quot;:&quot;passed&quot;,&quot;speed&quot;:&quot;fast&quot;,&quot;pass&quot;:true,&quot;fail&quot;:false,&quot;pending&quot;:false,&quot;context&quot;:&quot;\&quot;videos/modules/code-chat/components/command-palette/CommandPalette.cy.tsx.mp4\&quot;&quot;,&quot;code&quot;:&quot;// Test bottom\ncy.mount( /*#__PURE__*/(0,react_jsx_dev_runtime__WEBPACK_IMPORTED_MODULE_1__.jsxDEV)(_CommandPalette__WEBPACK_IMPORTED_MODULE_0__[\&quot;default\&quot;], {\n  isOpen: true,\n  commands: commands,\n  onSelect: () =&gt; {},\n  position: \&quot;bottom\&quot;\n}, void 0, false, {\n  fileName: _jsxFileName,\n  lineNumber: 46,\n  columnNumber: 18\n}, undefined));\n// cy.get(&#x27;body&#x27;).type(&#x27;{meta}p&#x27;);\ncy.get(&#x27;.command-palette&#x27;).should(&#x27;have.css&#x27;, &#x27;bottom&#x27;, &#x27;10px&#x27;);&quot;,&quot;err&quot;:{},&quot;uuid&quot;:&quot;65265b80-a7c4-4d66-8a8f-8699c6283aea&quot;,&quot;parentUUID&quot;:&quot;f5400594-3947-4cf3-a60d-008ca1cea04a&quot;,&quot;isHook&quot;:false,&quot;skipped&quot;:false},{&quot;title&quot;:&quot;should scroll and render long lists correctly when position is bottom&quot;,&quot;fullTitle&quot;:&quot;&lt;CommandPalette /&gt; should scroll and render long lists correctly when position is bottom&quot;,&quot;timedOut&quot;:null,&quot;duration&quot;:4266,&quot;state&quot;:&quot;failed&quot;,&quot;speed&quot;:null,&quot;pass&quot;:false,&quot;fail&quot;:true,&quot;pending&quot;:false,&quot;context&quot;:&quot;\&quot;videos/modules/code-chat/components/command-palette/CommandPalette.cy.tsx.mp4\&quot;&quot;,&quot;code&quot;:&quot;// Generate a long list of commands\nconst longCommands = Array.from({\n  length: 20\n}).map((_, index) =&gt; ({\n  id: `command-${index}`,\n  title: `Command ${index}`,\n  description: `Description for command ${index}`\n}));\ncy.mount( /*#__PURE__*/(0,react_jsx_dev_runtime__WEBPACK_IMPORTED_MODULE_1__.jsxDEV)(_CommandPalette__WEBPACK_IMPORTED_MODULE_0__[\&quot;default\&quot;], {\n  isOpen: true,\n  commands: longCommands,\n  onSelect: () =&gt; {},\n  position: \&quot;bottom\&quot;\n}, void 0, false, {\n  fileName: _jsxFileName,\n  lineNumber: 59,\n  columnNumber: 18\n}, undefined));\n// cy.get(&#x27;body&#x27;).type(&#x27;{meta}p&#x27;);\n// Assert that the command palette is visible and at the bottom\ncy.get(&#x27;.command-palette&#x27;).should(&#x27;be.visible&#x27;).and(&#x27;have.css&#x27;, &#x27;bottom&#x27;, &#x27;10px&#x27;);\n// Assert that the command list has a scrollbar due to the long list\ncy.get(&#x27;.command-list&#x27;).should(&#x27;have.css&#x27;, &#x27;overflow-y&#x27;, &#x27;auto&#x27;);\n// Scroll to the bottom of the command list\ncy.get(&#x27;.command-list&#x27;).scrollTo(&#x27;bottom&#x27;);\n// Assert that the last command is visible\ncy.get(&#x27;.command-item&#x27;).last().should(&#x27;be.visible&#x27;);&quot;,&quot;err&quot;:{&quot;message&quot;:&quot;AssertionError: Timed out retrying after 4000ms: expected &#x27;&lt;li#command-19.command-item&gt;&#x27; to be &#x27;visible&#x27;\n\nThis element `&lt;li#command-19.command-item&gt;` is not visible because its ancestor has `position: fixed` CSS property and it is overflowed by other elements. How about scrolling to the element with `cy.scrollIntoView()`?&quot;,&quot;estack&quot;:&quot;AssertionError: Timed out retrying after 4000ms: expected &#x27;&lt;li#command-19.command-item&gt;&#x27; to be &#x27;visible&#x27;\n\nThis element `&lt;li#command-19.command-item&gt;` is not visible because its ancestor has `position: fixed` CSS property and it is overflowed by other elements. How about scrolling to the element with `cy.scrollIntoView()`?\n    at Context.&lt;anonymous&gt; (/home/runner/work/frontend/frontend/src/modules/code-chat/components/command-palette/CommandPalette.cy.tsx:72:39)\n    at runnable.fn (http://localhost:8080/__cypress/runner/cypress_runner.js:138261:19)\n    at callFn (http://localhost:8080/__cypress/runner/cypress_runner.js:156877:21)\n    at Runnable.run (http://localhost:8080/__cypress/runner/cypress_runner.js:156864:7)\n    at &lt;unknown&gt; (http://localhost:8080/__cypress/runner/cypress_runner.js:162788:30)\n    at PassThroughHandlerContext.finallyHandler (http://localhost:8080/__cypress/runner/cypress_runner.js:4072:23)\n    at PassThroughHandlerContext.tryCatcher (http://localhost:8080/__cypress/runner/cypress_runner.js:1807:23)\n    at Promise._settlePromiseFromHandler (http://localhost:8080/__cypress/runner/cypress_runner.js:1519:31)&quot;,&quot;diff&quot;:null},&quot;uuid&quot;:&quot;e0891c16-e378-44bc-bc0c-db1be73351ef&quot;,&quot;parentUUID&quot;:&quot;f5400594-3947-4cf3-a60d-008ca1cea04a&quot;,&quot;isHook&quot;:false,&quot;skipped&quot;:false}],&quot;suites&quot;:[],&quot;passes&quot;:[&quot;c70e77fa-790e-4f7c-bea0-d74e652a45e8&quot;,&quot;87e4b16d-c763-46be-9a8c-588cf1b2ff3d&quot;,&quot;65265b80-a7c4-4d66-8a8f-8699c6283aea&quot;],&quot;failures&quot;:[&quot;e0891c16-e378-44bc-bc0c-db1be73351ef&quot;],&quot;pending&quot;:[],&quot;skipped&quot;:[],&quot;duration&quot;:4384,&quot;root&quot;:false,&quot;rootEmpty&quot;:false,&quot;_timeout&quot;:2000}],&quot;passes&quot;:[],&quot;failures&quot;:[],&quot;pending&quot;:[],&quot;skipped&quot;:[],&quot;duration&quot;:0,&quot;root&quot;:true,&quot;rootEmpty&quot;:true,&quot;_timeout&quot;:2000},{&quot;uuid&quot;:&quot;b379ffab-9815-496b-ac69-86179248dfa8&quot;,&quot;title&quot;:&quot;&quot;,&quot;fullFile&quot;:&quot;src/modules/code-chat/components/file-explorer/FileExplorer.cy.tsx&quot;,&quot;file&quot;:&quot;src/modules/code-chat/components/file-explorer/FileExplorer.cy.tsx&quot;,&quot;beforeHooks&quot;:[],&quot;afterHooks&quot;:[],&quot;tests&quot;:[{&quot;title&quot;:&quot;An uncaught error was detected outside of a test&quot;,&quot;fullTitle&quot;:&quot;An uncaught error was detected outside of a test&quot;,&quot;timedOut&quot;:null,&quot;duration&quot;:95,&quot;state&quot;:&quot;failed&quot;,&quot;speed&quot;:null,&quot;pass&quot;:false,&quot;fail&quot;:true,&quot;pending&quot;:false,&quot;context&quot;:&quot;\&quot;videos/modules/code-chat/components/file-explorer/FileExplorer.cy.tsx.mp4\&quot;&quot;,&quot;code&quot;:&quot;throw err;&quot;,&quot;err&quot;:{&quot;message&quot;:&quot;Error: The following error originated from your test code, not from Cypress.\n\n  &gt; Cannot find module &#x27;@The-Creator-AI/fe-be-common&#x27;\n\nWhen Cypress detects uncaught errors originating from your test code it will automatically fail the current test.\n\nCypress could not associate this error to any specific test.\n\nWe dynamically generated a new test to display this failure.&quot;,&quot;estack&quot;:&quot;Error: The following error originated from your test code, not from Cypress.\n\n  &gt; Cannot find module &#x27;@The-Creator-AI/fe-be-common&#x27;\n\nWhen Cypress detects uncaught errors originating from your test code it will automatically fail the current test.\n\nCypress could not associate this error to any specific test.\n\nWe dynamically generated a new test to display this failure.\n    at webpackMissingModule (http://localhost:8080/__cypress/src/src_modules_code-chat_code-chat_module_ts-src_modules_code-chat_store_code-chat-store_logic_t-61141a.js:673:50)\n    at ./src/modules/gateway/store/gateway.logic.ts (http://localhost:8080/__cypress/src/src_modules_code-chat_code-chat_module_ts-src_modules_code-chat_store_code-chat-store_logic_t-61141a.js:673:153)\n    at __webpack_require__ (http://localhost:8080/__cypress/src/main.js:7595:42)\n    at ./src/modules/code-chat/store/code-chat-store.logic.ts (http://localhost:8080/__cypress/src/src_modules_code-chat_code-chat_module_ts-src_modules_code-chat_store_code-chat-store_logic_t-61141a.js:430:86)\n    at __webpack_require__ (http://localhost:8080/__cypress/src/main.js:7595:42)\n    at ./src/modules/code-chat/components/file-explorer/FileExplorer.tsx (http://localhost:8080/__cypress/src/src_modules_code-chat_components_file-explorer_FileExplorer_tsx.js:280:86)\n    at __webpack_require__ (http://localhost:8080/__cypress/src/main.js:7595:42)\n    at ./src/modules/code-chat/components/file-explorer/FileExplorer.cy.tsx (http://localhost:8080/__cypress/src/spec-5.js:62:71)\n    at Function.__webpack_require__ (http://localhost:8080/__cypress/src/main.js:7595:42)&quot;,&quot;diff&quot;:null},&quot;uuid&quot;:&quot;75d0a2e5-654e-4b39-9b95-8586c3a3418b&quot;,&quot;parentUUID&quot;:&quot;b379ffab-9815-496b-ac69-86179248dfa8&quot;,&quot;isHook&quot;:false,&quot;skipped&quot;:false}],&quot;suites&quot;:[],&quot;passes&quot;:[],&quot;failures&quot;:[&quot;75d0a2e5-654e-4b39-9b95-8586c3a3418b&quot;],&quot;pending&quot;:[],&quot;skipped&quot;:[],&quot;duration&quot;:95,&quot;root&quot;:true,&quot;rootEmpty&quot;:false,&quot;_timeout&quot;:2000},{&quot;uuid&quot;:&quot;a2d39061-ee08-4222-b040-4cbf4ac8c0fb&quot;,&quot;title&quot;:&quot;&quot;,&quot;fullFile&quot;:&quot;src/modules/code-chat/components/chat/chat-history/ChatHistory.cy.tsx&quot;,&quot;file&quot;:&quot;src/modules/code-chat/components/chat/chat-history/ChatHistory.cy.tsx&quot;,&quot;beforeHooks&quot;:[],&quot;afterHooks&quot;:[],&quot;tests&quot;:[{&quot;title&quot;:&quot;An uncaught error was detected outside of a test&quot;,&quot;fullTitle&quot;:&quot;An uncaught error was detected outside of a test&quot;,&quot;timedOut&quot;:null,&quot;duration&quot;:94,&quot;state&quot;:&quot;failed&quot;,&quot;speed&quot;:null,&quot;pass&quot;:false,&quot;fail&quot;:true,&quot;pending&quot;:false,&quot;context&quot;:&quot;\&quot;videos/modules/code-chat/components/chat/chat-history/ChatHistory.cy.tsx.mp4\&quot;&quot;,&quot;code&quot;:&quot;throw err;&quot;,&quot;err&quot;:{&quot;message&quot;:&quot;Error: The following error originated from your test code, not from Cypress.\n\n  &gt; Cannot find module &#x27;@The-Creator-AI/fe-be-common&#x27;\n\nWhen Cypress detects uncaught errors originating from your test code it will automatically fail the current test.\n\nCypress could not associate this error to any specific test.\n\nWe dynamically generated a new test to display this failure.&quot;,&quot;estack&quot;:&quot;Error: The following error originated from your test code, not from Cypress.\n\n  &gt; Cannot find module &#x27;@The-Creator-AI/fe-be-common&#x27;\n\nWhen Cypress detects uncaught errors originating from your test code it will automatically fail the current test.\n\nCypress could not associate this error to any specific test.\n\nWe dynamically generated a new test to display this failure.\n    at webpackMissingModule (http://localhost:8080/__cypress/src/src_modules_code-chat_code-chat_module_ts-src_modules_code-chat_store_code-chat-store_logic_t-61141a.js:673:50)\n    at ./src/modules/gateway/store/gateway.logic.ts (http://localhost:8080/__cypress/src/src_modules_code-chat_code-chat_module_ts-src_modules_code-chat_store_code-chat-store_logic_t-61141a.js:673:153)\n    at __webpack_require__ (http://localhost:8080/__cypress/src/main.js:7595:42)\n    at ./src/modules/code-chat/components/chat/chat-history/ChatHistory.cy.tsx (http://localhost:8080/__cypress/src/spec-6.js:11:86)\n    at Function.__webpack_require__ (http://localhost:8080/__cypress/src/main.js:7595:42)&quot;,&quot;diff&quot;:null},&quot;uuid&quot;:&quot;2b051f10-a3b0-453d-aa25-c3a31d36b93f&quot;,&quot;parentUUID&quot;:&quot;a2d39061-ee08-4222-b040-4cbf4ac8c0fb&quot;,&quot;isHook&quot;:false,&quot;skipped&quot;:false}],&quot;suites&quot;:[],&quot;passes&quot;:[],&quot;failures&quot;:[&quot;2b051f10-a3b0-453d-aa25-c3a31d36b93f&quot;],&quot;pending&quot;:[],&quot;skipped&quot;:[],&quot;duration&quot;:94,&quot;root&quot;:true,&quot;rootEmpty&quot;:false,&quot;_timeout&quot;:2000},{&quot;uuid&quot;:&quot;f39d776e-e762-4730-b45d-83ff148f8916&quot;,&quot;title&quot;:&quot;&quot;,&quot;fullFile&quot;:&quot;src/modules/code-chat/components/chat/chat-history/CodeBlock.cy.tsx&quot;,&quot;file&quot;:&quot;src/modules/code-chat/components/chat/chat-history/CodeBlock.cy.tsx&quot;,&quot;beforeHooks&quot;:[],&quot;afterHooks&quot;:[],&quot;tests&quot;:[{&quot;title&quot;:&quot;An uncaught error was detected outside of a test&quot;,&quot;fullTitle&quot;:&quot;An uncaught error was detected outside of a test&quot;,&quot;timedOut&quot;:null,&quot;duration&quot;:79,&quot;state&quot;:&quot;failed&quot;,&quot;speed&quot;:null,&quot;pass&quot;:false,&quot;fail&quot;:true,&quot;pending&quot;:false,&quot;context&quot;:&quot;\&quot;videos/modules/code-chat/components/chat/chat-history/CodeBlock.cy.tsx.mp4\&quot;&quot;,&quot;code&quot;:&quot;throw err;&quot;,&quot;err&quot;:{&quot;message&quot;:&quot;Error: The following error originated from your test code, not from Cypress.\n\n  &gt; Cannot find module &#x27;@The-Creator-AI/fe-be-common&#x27;\n\nWhen Cypress detects uncaught errors originating from your test code it will automatically fail the current test.\n\nCypress could not associate this error to any specific test.\n\nWe dynamically generated a new test to display this failure.&quot;,&quot;estack&quot;:&quot;Error: The following error originated from your test code, not from Cypress.\n\n  &gt; Cannot find module &#x27;@The-Creator-AI/fe-be-common&#x27;\n\nWhen Cypress detects uncaught errors originating from your test code it will automatically fail the current test.\n\nCypress could not associate this error to any specific test.\n\nWe dynamically generated a new test to display this failure.\n    at webpackMissingModule (http://localhost:8080/__cypress/src/src_modules_code-chat_code-chat_module_ts-src_modules_code-chat_store_code-chat-store_logic_t-61141a.js:673:50)\n    at ./src/modules/gateway/store/gateway.logic.ts (http://localhost:8080/__cypress/src/src_modules_code-chat_code-chat_module_ts-src_modules_code-chat_store_code-chat-store_logic_t-61141a.js:673:153)\n    at __webpack_require__ (http://localhost:8080/__cypress/src/main.js:7595:42)\n    at ./src/modules/code-chat/store/code-chat-store.logic.ts (http://localhost:8080/__cypress/src/src_modules_code-chat_code-chat_module_ts-src_modules_code-chat_store_code-chat-store_logic_t-61141a.js:430:86)\n    at __webpack_require__ (http://localhost:8080/__cypress/src/main.js:7595:42)\n    at ./src/modules/code-chat/components/chat/useChat.ts (http://localhost:8080/__cypress/src/src_modules_code-chat_components_chat_chat-history_code-plan_CodePlanDisplay_tsx.js:291:86)\n    at __webpack_require__ (http://localhost:8080/__cypress/src/main.js:7595:42)\n    at ./src/modules/code-chat/components/chat/chat-history/plan/PlanDisplay.tsx (http://localhost:8080/__cypress/src/src_modules_code-chat_components_chat_chat-history_plan_PlanDisplay_tsx.js:19:66)\n    at __webpack_require__ (http://localhost:8080/__cypress/src/main.js:7595:42)\n    at ./src/modules/code-chat/components/chat/chat-history/CodeBlock.tsx (http://localhost:8080/__cypress/src/spec-7.js:70:75)&quot;,&quot;diff&quot;:null},&quot;uuid&quot;:&quot;4c4da5da-2e89-4375-bd6b-d4e3e82291f1&quot;,&quot;parentUUID&quot;:&quot;f39d776e-e762-4730-b45d-83ff148f8916&quot;,&quot;isHook&quot;:false,&quot;skipped&quot;:false}],&quot;suites&quot;:[],&quot;passes&quot;:[],&quot;failures&quot;:[&quot;4c4da5da-2e89-4375-bd6b-d4e3e82291f1&quot;],&quot;pending&quot;:[],&quot;skipped&quot;:[],&quot;duration&quot;:79,&quot;root&quot;:true,&quot;rootEmpty&quot;:false,&quot;_timeout&quot;:2000},{&quot;uuid&quot;:&quot;6b1b5438-64be-41ff-b504-7d3a073e8c0b&quot;,&quot;title&quot;:&quot;&quot;,&quot;fullFile&quot;:&quot;src/modules/code-chat/components/file-explorer/file-tree/FileTree.cy.tsx&quot;,&quot;file&quot;:&quot;src/modules/code-chat/components/file-explorer/file-tree/FileTree.cy.tsx&quot;,&quot;beforeHooks&quot;:[],&quot;afterHooks&quot;:[],&quot;tests&quot;:[{&quot;title&quot;:&quot;An uncaught error was detected outside of a test&quot;,&quot;fullTitle&quot;:&quot;An uncaught error was detected outside of a test&quot;,&quot;timedOut&quot;:null,&quot;duration&quot;:88,&quot;state&quot;:&quot;failed&quot;,&quot;speed&quot;:null,&quot;pass&quot;:false,&quot;fail&quot;:true,&quot;pending&quot;:false,&quot;context&quot;:&quot;\&quot;videos/modules/code-chat/components/file-explorer/file-tree/FileTree.cy.tsx.mp4\&quot;&quot;,&quot;code&quot;:&quot;throw err;&quot;,&quot;err&quot;:{&quot;message&quot;:&quot;Error: The following error originated from your test code, not from Cypress.\n\n  &gt; Cannot find module &#x27;@The-Creator-AI/fe-be-common&#x27;\n\nWhen Cypress detects uncaught errors originating from your test code it will automatically fail the current test.\n\nCypress could not associate this error to any specific test.\n\nWe dynamically generated a new test to display this failure.&quot;,&quot;estack&quot;:&quot;Error: The following error originated from your test code, not from Cypress.\n\n  &gt; Cannot find module &#x27;@The-Creator-AI/fe-be-common&#x27;\n\nWhen Cypress detects uncaught errors originating from your test code it will automatically fail the current test.\n\nCypress could not associate this error to any specific test.\n\nWe dynamically generated a new test to display this failure.\n    at webpackMissingModule (http://localhost:8080/__cypress/src/src_modules_code-chat_code-chat_module_ts-src_modules_code-chat_store_code-chat-store_logic_t-61141a.js:673:50)\n    at ./src/modules/gateway/store/gateway.logic.ts (http://localhost:8080/__cypress/src/src_modules_code-chat_code-chat_module_ts-src_modules_code-chat_store_code-chat-store_logic_t-61141a.js:673:153)\n    at __webpack_require__ (http://localhost:8080/__cypress/src/main.js:7595:42)\n    at ./src/modules/code-chat/components/file-explorer/file-tree/FileTree.cy.tsx (http://localhost:8080/__cypress/src/spec-8.js:61:86)\n    at Function.__webpack_require__ (http://localhost:8080/__cypress/src/main.js:7595:42)&quot;,&quot;diff&quot;:null},&quot;uuid&quot;:&quot;bd5bbebc-37dc-4c4e-bae5-b5805baab610&quot;,&quot;parentUUID&quot;:&quot;6b1b5438-64be-41ff-b504-7d3a073e8c0b&quot;,&quot;isHook&quot;:false,&quot;skipped&quot;:false}],&quot;suites&quot;:[],&quot;passes&quot;:[],&quot;failures&quot;:[&quot;bd5bbebc-37dc-4c4e-bae5-b5805baab610&quot;],&quot;pending&quot;:[],&quot;skipped&quot;:[],&quot;duration&quot;:88,&quot;root&quot;:true,&quot;rootEmpty&quot;:false,&quot;_timeout&quot;:2000},{&quot;uuid&quot;:&quot;94f86edb-ced0-489c-b6e9-0fda4cbdf344&quot;,&quot;title&quot;:&quot;&quot;,&quot;fullFile&quot;:&quot;src/modules/code-chat/components/file-explorer/file-tree/NodeRenderer.cy.tsx&quot;,&quot;file&quot;:&quot;src/modules/code-chat/components/file-explorer/file-tree/NodeRenderer.cy.tsx&quot;,&quot;beforeHooks&quot;:[],&quot;afterHooks&quot;:[],&quot;tests&quot;:[],&quot;suites&quot;:[{&quot;uuid&quot;:&quot;c5a497fc-6a92-4a37-9cc4-56670768bffb&quot;,&quot;title&quot;:&quot;&lt;NodeRenderer /&gt;&quot;,&quot;fullFile&quot;:&quot;&quot;,&quot;file&quot;:&quot;&quot;,&quot;beforeHooks&quot;:[],&quot;afterHooks&quot;:[],&quot;tests&quot;:[{&quot;title&quot;:&quot;renders&quot;,&quot;fullTitle&quot;:&quot;&lt;NodeRenderer /&gt; renders&quot;,&quot;timedOut&quot;:null,&quot;duration&quot;:43,&quot;state&quot;:&quot;passed&quot;,&quot;speed&quot;:&quot;fast&quot;,&quot;pass&quot;:true,&quot;fail&quot;:false,&quot;pending&quot;:false,&quot;context&quot;:&quot;\&quot;videos/modules/code-chat/components/file-explorer/file-tree/NodeRenderer.cy.tsx.mp4\&quot;&quot;,&quot;code&quot;:&quot;// see: https://on.cypress.io/mounting-react\ncy.mount( /*#__PURE__*/(0,react_jsx_dev_runtime__WEBPACK_IMPORTED_MODULE_2__.jsxDEV)(_NodeRenderer__WEBPACK_IMPORTED_MODULE_1__[\&quot;default\&quot;], {\n  activeFile: null,\n  onRightClick: () =&gt; {},\n  selectedFiles: [],\n  getNodeProps: () =&gt; {\n    return {};\n  },\n  treeData: [],\n  element: {\n    children: [],\n    id: 1,\n    name: &#x27;test&#x27;,\n    parent: 0,\n    isBranch: true\n  },\n  handleSelect: () =&gt; {},\n  handleExpand: () =&gt; {},\n  handleFileSelect: () =&gt; {},\n  handleFileClick: () =&gt; {},\n  isBranch: true,\n  isExpanded: false,\n  isSelected: false,\n  isHalfSelected: false,\n  level: 1,\n  dispatch: () =&gt; {},\n  isDisabled: false,\n  posinset: 0,\n  setsize: 0,\n  treeState: {}\n}, void 0, false, {\n  fileName: _jsxFileName,\n  lineNumber: 7,\n  columnNumber: 14\n}, undefined));&quot;,&quot;err&quot;:{},&quot;uuid&quot;:&quot;e57eef5e-543b-40a7-80a1-eb93eb976939&quot;,&quot;parentUUID&quot;:&quot;c5a497fc-6a92-4a37-9cc4-56670768bffb&quot;,&quot;isHook&quot;:false,&quot;skipped&quot;:false}],&quot;suites&quot;:[],&quot;passes&quot;:[&quot;e57eef5e-543b-40a7-80a1-eb93eb976939&quot;],&quot;failures&quot;:[],&quot;pending&quot;:[],&quot;skipped&quot;:[],&quot;duration&quot;:43,&quot;root&quot;:false,&quot;rootEmpty&quot;:false,&quot;_timeout&quot;:2000}],&quot;passes&quot;:[],&quot;failures&quot;:[],&quot;pending&quot;:[],&quot;skipped&quot;:[],&quot;duration&quot;:0,&quot;root&quot;:true,&quot;rootEmpty&quot;:true,&quot;_timeout&quot;:2000},{&quot;uuid&quot;:&quot;3b44e77a-716b-4368-89c0-fa3a97f42d61&quot;,&quot;title&quot;:&quot;&quot;,&quot;fullFile&quot;:&quot;src/modules/code-chat/components/chat/chat-history/code-plan/CodePlanDisplay.cy.tsx&quot;,&quot;file&quot;:&quot;src/modules/code-chat/components/chat/chat-history/code-plan/CodePlanDisplay.cy.tsx&quot;,&quot;beforeHooks&quot;:[],&quot;afterHooks&quot;:[],&quot;tests&quot;:[{&quot;title&quot;:&quot;An uncaught error was detected outside of a test&quot;,&quot;fullTitle&quot;:&quot;An uncaught error was detected outside of a test&quot;,&quot;timedOut&quot;:null,&quot;duration&quot;:81,&quot;state&quot;:&quot;failed&quot;,&quot;speed&quot;:null,&quot;pass&quot;:false,&quot;fail&quot;:true,&quot;pending&quot;:false,&quot;context&quot;:&quot;\&quot;videos/modules/code-chat/components/chat/chat-history/code-plan/CodePlanDisplay.cy.tsx.mp4\&quot;&quot;,&quot;code&quot;:&quot;throw err;&quot;,&quot;err&quot;:{&quot;message&quot;:&quot;Error: The following error originated from your test code, not from Cypress.\n\n  &gt; Cannot find module &#x27;@The-Creator-AI/fe-be-common&#x27;\n\nWhen Cypress detects uncaught errors originating from your test code it will automatically fail the current test.\n\nCypress could not associate this error to any specific test.\n\nWe dynamically generated a new test to display this failure.&quot;,&quot;estack&quot;:&quot;Error: The following error originated from your test code, not from Cypress.\n\n  &gt; Cannot find module &#x27;@The-Creator-AI/fe-be-common&#x27;\n\nWhen Cypress detects uncaught errors originating from your test code it will automatically fail the current test.\n\nCypress could not associate this error to any specific test.\n\nWe dynamically generated a new test to display this failure.\n    at webpackMissingModule (http://localhost:8080/__cypress/src/src_modules_code-chat_code-chat_module_ts-src_modules_code-chat_store_code-chat-store_logic_t-61141a.js:673:50)\n    at ./src/modules/gateway/store/gateway.logic.ts (http://localhost:8080/__cypress/src/src_modules_code-chat_code-chat_module_ts-src_modules_code-chat_store_code-chat-store_logic_t-61141a.js:673:153)\n    at __webpack_require__ (http://localhost:8080/__cypress/src/main.js:7595:42)\n    at ./src/modules/code-chat/components/chat/chat-history/code-plan/CodePlanDisplay.cy.tsx (http://localhost:8080/__cypress/src/spec-10.js:11:86)\n    at Function.__webpack_require__ (http://localhost:8080/__cypress/src/main.js:7595:42)&quot;,&quot;diff&quot;:null},&quot;uuid&quot;:&quot;676b4f60-dc52-49bf-b78f-7a65ccbe11e8&quot;,&quot;parentUUID&quot;:&quot;3b44e77a-716b-4368-89c0-fa3a97f42d61&quot;,&quot;isHook&quot;:false,&quot;skipped&quot;:false}],&quot;suites&quot;:[],&quot;passes&quot;:[],&quot;failures&quot;:[&quot;676b4f60-dc52-49bf-b78f-7a65ccbe11e8&quot;],&quot;pending&quot;:[],&quot;skipped&quot;:[],&quot;duration&quot;:81,&quot;root&quot;:true,&quot;rootEmpty&quot;:false,&quot;_timeout&quot;:2000},{&quot;uuid&quot;:&quot;f4ae21e9-d1e0-4874-a91d-9a3e291a37f9&quot;,&quot;title&quot;:&quot;&quot;,&quot;fullFile&quot;:&quot;src/modules/code-chat/components/chat/chat-history/plan/PlanDisplay.cy.tsx&quot;,&quot;file&quot;:&quot;src/modules/code-chat/components/chat/chat-history/plan/PlanDisplay.cy.tsx&quot;,&quot;beforeHooks&quot;:[],&quot;afterHooks&quot;:[],&quot;tests&quot;:[{&quot;title&quot;:&quot;An uncaught error was detected outside of a test&quot;,&quot;fullTitle&quot;:&quot;An uncaught error was detected outside of a test&quot;,&quot;timedOut&quot;:null,&quot;duration&quot;:85,&quot;state&quot;:&quot;failed&quot;,&quot;speed&quot;:null,&quot;pass&quot;:false,&quot;fail&quot;:true,&quot;pending&quot;:false,&quot;context&quot;:&quot;\&quot;videos/modules/code-chat/components/chat/chat-history/plan/PlanDisplay.cy.tsx.mp4\&quot;&quot;,&quot;code&quot;:&quot;throw err;&quot;,&quot;err&quot;:{&quot;message&quot;:&quot;Error: The following error originated from your test code, not from Cypress.\n\n  &gt; Cannot find module &#x27;@The-Creator-AI/fe-be-common&#x27;\n\nWhen Cypress detects uncaught errors originating from your test code it will automatically fail the current test.\n\nCypress could not associate this error to any specific test.\n\nWe dynamically generated a new test to display this failure.&quot;,&quot;estack&quot;:&quot;Error: The following error originated from your test code, not from Cypress.\n\n  &gt; Cannot find module &#x27;@The-Creator-AI/fe-be-common&#x27;\n\nWhen Cypress detects uncaught errors originating from your test code it will automatically fail the current test.\n\nCypress could not associate this error to any specific test.\n\nWe dynamically generated a new test to display this failure.\n    at webpackMissingModule (http://localhost:8080/__cypress/src/src_modules_code-chat_code-chat_module_ts-src_modules_code-chat_store_code-chat-store_logic_t-61141a.js:673:50)\n    at ./src/modules/gateway/store/gateway.logic.ts (http://localhost:8080/__cypress/src/src_modules_code-chat_code-chat_module_ts-src_modules_code-chat_store_code-chat-store_logic_t-61141a.js:673:153)\n    at __webpack_require__ (http://localhost:8080/__cypress/src/main.js:7595:42)\n    at ./src/modules/code-chat/store/code-chat-store.logic.ts (http://localhost:8080/__cypress/src/src_modules_code-chat_code-chat_module_ts-src_modules_code-chat_store_code-chat-store_logic_t-61141a.js:430:86)\n    at __webpack_require__ (http://localhost:8080/__cypress/src/main.js:7595:42)\n    at ./src/modules/code-chat/components/chat/useChat.ts (http://localhost:8080/__cypress/src/spec-11.js:96:86)\n    at __webpack_require__ (http://localhost:8080/__cypress/src/main.js:7595:42)\n    at ./src/modules/code-chat/components/chat/chat-history/plan/PlanDisplay.tsx (http://localhost:8080/__cypress/src/src_modules_code-chat_components_chat_chat-history_plan_PlanDisplay_tsx.js:19:66)\n    at __webpack_require__ (http://localhost:8080/__cypress/src/main.js:7595:42)\n    at ./src/modules/code-chat/components/chat/chat-history/plan/PlanDisplay.cy.tsx (http://localhost:8080/__cypress/src/spec-11.js:43:70)&quot;,&quot;diff&quot;:null},&quot;uuid&quot;:&quot;5de26836-3a15-49cf-92d8-38ac217c0d26&quot;,&quot;parentUUID&quot;:&quot;f4ae21e9-d1e0-4874-a91d-9a3e291a37f9&quot;,&quot;isHook&quot;:false,&quot;skipped&quot;:false}],&quot;suites&quot;:[],&quot;passes&quot;:[],&quot;failures&quot;:[&quot;5de26836-3a15-49cf-92d8-38ac217c0d26&quot;],&quot;pending&quot;:[],&quot;skipped&quot;:[],&quot;duration&quot;:85,&quot;root&quot;:true,&quot;rootEmpty&quot;:false,&quot;_timeout&quot;:2000},{&quot;uuid&quot;:&quot;0ae3c2e0-e65f-4e66-ac0f-d1c6f33f9304&quot;,&quot;title&quot;:&quot;&quot;,&quot;fullFile&quot;:&quot;src/components/chat/chat-history/plan/PlanDisplay.cy.tsx&quot;,&quot;file&quot;:&quot;src/components/chat/chat-history/plan/PlanDisplay.cy.tsx&quot;,&quot;beforeHooks&quot;:[],&quot;afterHooks&quot;:[],&quot;tests&quot;:[],&quot;suites&quot;:[{&quot;uuid&quot;:&quot;a28f5205-de16-4533-b54c-e14b12711ba5&quot;,&quot;title&quot;:&quot;&lt;PlanDisplay /&gt;&quot;,&quot;fullFile&quot;:&quot;&quot;,&quot;file&quot;:&quot;&quot;,&quot;beforeHooks&quot;:[],&quot;afterHooks&quot;:[],&quot;tests&quot;:[{&quot;title&quot;:&quot;renders&quot;,&quot;fullTitle&quot;:&quot;&lt;PlanDisplay /&gt; renders&quot;,&quot;timedOut&quot;:null,&quot;duration&quot;:37,&quot;state&quot;:&quot;passed&quot;,&quot;speed&quot;:&quot;fast&quot;,&quot;pass&quot;:true,&quot;fail&quot;:false,&quot;pending&quot;:false,&quot;context&quot;:null,&quot;code&quot;:&quot;// see: https://on.cypress.io/mounting-react\ncy.mount( /*#__PURE__*/(0,react_jsx_dev_runtime__WEBPACK_IMPORTED_MODULE_2__.jsxDEV)(_PlanDisplay__WEBPACK_IMPORTED_MODULE_1__[\&quot;default\&quot;], {\n  plan: {\n    plan_title: &#x27;Test Plan&#x27;,\n    plan_summary: &#x27;Test Summary&#x27;,\n    steps: [{\n      type: &#x27;command&#x27;,\n      command: &#x27;npm install&#x27;,\n      working_directory: &#x27;.&#x27;\n    }]\n  }\n}, void 0, false, {\n  fileName: _jsxFileName,\n  lineNumber: 7,\n  columnNumber: 14\n}, undefined));&quot;,&quot;err&quot;:{},&quot;uuid&quot;:&quot;bc91af28-dc64-4b1d-a0e7-98482ecb2ec6&quot;,&quot;parentUUID&quot;:&quot;a28f5205-de16-4533-b54c-e14b12711ba5&quot;,&quot;isHook&quot;:false,&quot;skipped&quot;:false}],&quot;suites&quot;:[],&quot;passes&quot;:[&quot;bc91af28-dc64-4b1d-a0e7-98482ecb2ec6&quot;],&quot;failures&quot;:[],&quot;pending&quot;:[],&quot;skipped&quot;:[],&quot;duration&quot;:37,&quot;root&quot;:false,&quot;rootEmpty&quot;:false,&quot;_timeout&quot;:2000}],&quot;passes&quot;:[],&quot;failures&quot;:[],&quot;pending&quot;:[],&quot;skipped&quot;:[],&quot;duration&quot;:0,&quot;root&quot;:true,&quot;rootEmpty&quot;:true,&quot;_timeout&quot;:2000}],&quot;meta&quot;:{&quot;mocha&quot;:{&quot;version&quot;:&quot;7.0.1&quot;},&quot;mochawesome&quot;:{&quot;options&quot;:{&quot;quiet&quot;:false,&quot;reportFilename&quot;:&quot;mochawesome&quot;,&quot;saveHtml&quot;:false,&quot;saveJson&quot;:true,&quot;consoleReporter&quot;:&quot;spec&quot;,&quot;useInlineDiffs&quot;:false,&quot;code&quot;:true},&quot;version&quot;:&quot;7.1.3&quot;},&quot;marge&quot;:{&quot;options&quot;:{&quot;id&quot;:&quot;default&quot;,&quot;reportDir&quot;:&quot;cypress/results/json&quot;,&quot;overwrite&quot;:false,&quot;html&quot;:false,&quot;json&quot;:true,&quot;embeddedScreenshots&quot;:true},&quot;version&quot;:&quot;6.2.0&quot;}}}" data-config="{&quot;reportFilename&quot;:&quot;index&quot;,&quot;reportDir&quot;:&quot;public&quot;,&quot;reportTitle&quot;:&quot;frontend&quot;,&quot;reportPageTitle&quot;:&quot;index.html&quot;,&quot;inline&quot;:false,&quot;inlineAssets&quot;:false,&quot;assetsDir&quot;:&quot;public/assets&quot;,&quot;cdn&quot;:false,&quot;charts&quot;:false,&quot;enableCharts&quot;:false,&quot;code&quot;:true,&quot;enableCode&quot;:true,&quot;autoOpen&quot;:false,&quot;overwrite&quot;:true,&quot;timestamp&quot;:false,&quot;ts&quot;:false,&quot;showPassed&quot;:true,&quot;showFailed&quot;:true,&quot;showPending&quot;:true,&quot;showSkipped&quot;:false,&quot;showHooks&quot;:&quot;failed&quot;,&quot;saveJson&quot;:false,&quot;saveHtml&quot;:true,&quot;dev&quot;:false,&quot;htmlFile&quot;:&quot;/home/runner/work/frontend/frontend/public/index.html&quot;}"><div id="report"></div><script src="assets/app.js"></script></body></html>